[2023-05-23 18:56:12]	[INFO]	chat/initialize.InitDB:62     	{"mes": "db init"}
[2023-05-23 18:56:12]	[INFO]	chat/initialize.migrate:18    	{"mes": "table init"}
[2023-05-23 18:56:12]	[INFO]	chat/initialize.migrate:31    	{"mes": "table init ok"}
[2023-05-23 18:56:12]	[INFO]	chat/initialize.initData:37   	{"mes": "data init"}
[2023-05-23 18:56:12]	[INFO]	chat/initialize.initData:58   	{"mes": "data init ok"}
[2023-05-23 18:56:12]	[INFO]	chat/initialize.InitDB:79     	{"mes": "db init ok"}
[2023-05-23 18:56:12]	[INFO]	chat/initialize.InitRedis:13  	{"mes": "redis init"}
[2023-05-23 18:56:12]	[INFO]	chat/initialize.InitRedis:22  	{"mes": "redis init ok"}
[2023-05-23 18:56:12]	[INFO]	chat/initialize.InitRouter:11 	{"mes": "route init"}
[2023-05-23 18:56:12]	[INFO]	chat/initialize.InitRouter:13 	{"mes": "route init ok"}
[2023-06-03 11:36:09]	[INFO]	chat/initialize.InitDB:62     	{"mes": "db init"}
[2023-06-03 11:36:09]	[INFO]	chat/initialize.migrate:18    	{"mes": "table init"}
[2023-06-03 11:36:09]	[INFO]	chat/initialize.migrate:31    	{"mes": "table init ok"}
[2023-06-03 11:36:09]	[INFO]	chat/initialize.initData:37   	{"mes": "data init"}
[2023-06-03 11:36:09]	[INFO]	chat/initialize.initData:58   	{"mes": "data init ok"}
[2023-06-03 11:36:09]	[INFO]	chat/initialize.InitDB:79     	{"mes": "db init ok"}
[2023-06-03 11:36:09]	[INFO]	chat/initialize.InitRedis:13  	{"mes": "redis init"}
[2023-06-03 11:36:09]	[INFO]	chat/initialize.InitRedis:22  	{"mes": "redis init ok"}
[2023-06-03 11:36:09]	[INFO]	chat/initialize.InitRouter:11 	{"mes": "route init"}
[2023-06-03 11:36:09]	[INFO]	chat/initialize.InitRouter:13 	{"mes": "route init ok"}
